{
  "stats": {
    "suites": 1,
    "tests": 1,
    "passes": 0,
    "pending": 0,
    "failures": 1,
    "start": "2024-07-03T20:34:30.933Z",
    "end": "2024-07-03T20:34:46.487Z",
    "duration": 15554,
    "testsRegistered": 1,
    "passPercent": 0,
    "pendingPercent": 0,
    "other": 0,
    "hasOther": false,
    "skipped": 0,
    "hasSkipped": false
  },
  "results": [
    {
      "uuid": "3ed05373-d0ee-40b8-9017-47f9d47726c4",
      "title": "",
      "fullFile": "cypress/e2e/mifos/login/loginPage.feature",
      "file": "cypress/e2e/mifos/login/loginPage.feature",
      "beforeHooks": [],
      "afterHooks": [],
      "tests": [],
      "suites": [
        {
          "uuid": "e0dee413-a672-41c5-b524-6a03a3bc0da1",
          "title": "Login Page",
          "fullFile": "",
          "file": "",
          "beforeHooks": [],
          "afterHooks": [],
          "tests": [
            {
              "title": "Successful login",
              "fullTitle": "Login Page Successful login",
              "timedOut": null,
              "duration": 10680,
              "state": "failed",
              "speed": null,
              "pass": false,
              "fail": true,
              "pending": false,
              "context": null,
              "code": "const state = window.testState;\nreturn cy\n  .then(() => state.onStartScenario(scenario, indexedSteps))\n  .then(() =>\n    resolveAndRunBeforeHooks.call(this, scenario.tags, state.feature.name)\n  )\n  .then(() =>\n    indexedSteps.forEach((step) =>\n      stepTest.call(this, state, step, rowData)\n    )\n  )\n  .then(() => state.onFinishScenario(scenario));",
              "err": {
                "message": "Error: The following error originated from your application code, not from Cypress.\n\n  > Load timeout for modules: mifosX,nvd3ChartDirectives\nhttps://requirejs.org/docs/errors.html#timeout\n\nWhen Cypress detects uncaught errors originating from your application it will automatically fail the current test.\n\nThis behavior is configurable, and you can choose to turn this off by listening to the `uncaught:exception` event.\n\nhttps://on.cypress.io/uncaught-exception-from-application",
                "estack": "Error: The following error originated from your application code, not from Cypress.\n\n  > Load timeout for modules: mifosX,nvd3ChartDirectives\nhttps://requirejs.org/docs/errors.html#timeout\n\nWhen Cypress detects uncaught errors originating from your application it will automatically fail the current test.\n\nThis behavior is configurable, and you can choose to turn this off by listening to the `uncaught:exception` event.\n\nhttps://on.cypress.io/uncaught-exception-from-application\n    at makeError (https://demo.mifos.io/bower_components/requirejs/require.js:168:17)\n    at checkLoaded (https://demo.mifos.io/bower_components/requirejs/require.js:698:23)\n    at <unknown> (https://demo.mifos.io/bower_components/requirejs/require.js:719:25)\n    at o (https://demo.mifos.io/:3:447)\n    at <unknown> (https://demo.mifos.io/:3:820)",
                "diff": null
              },
              "uuid": "e344274e-0e82-4198-8095-c63751a68300",
              "parentUUID": "e0dee413-a672-41c5-b524-6a03a3bc0da1",
              "isHook": false,
              "skipped": false
            }
          ],
          "suites": [],
          "passes": [],
          "failures": [
            "e344274e-0e82-4198-8095-c63751a68300"
          ],
          "pending": [],
          "skipped": [],
          "duration": 10680,
          "root": false,
          "rootEmpty": false,
          "_timeout": 2000
        }
      ],
      "passes": [],
      "failures": [],
      "pending": [],
      "skipped": [],
      "duration": 0,
      "root": true,
      "rootEmpty": true,
      "_timeout": 2000
    }
  ],
  "meta": {
    "mocha": {
      "version": "7.0.1"
    },
    "mochawesome": {
      "options": {
        "quiet": false,
        "reportFilename": "mochawesome",
        "saveHtml": false,
        "saveJson": true,
        "consoleReporter": "spec",
        "useInlineDiffs": false,
        "code": true
      },
      "version": "7.1.3"
    },
    "marge": {
      "options": {
        "reportDir": "cypress/reports/.jsons",
        "overwrite": false,
        "html": false,
        "json": true,
        "timestamp": "yyyy-mm-dd-HH-MM-ss",
        "reportPageTitle": "Test Report"
      },
      "version": "6.2.0"
    }
  }
}